time=2025-02-16T22:34:31.124+03:00 level=INFO msg="c:/Users/Mbaka/go/pkg/mod/github.com/moh/case/cmd/web/main.go:62 main.main Exit main()"
time=2025-02-17T02:49:23.625+03:00 level=INFO msg="c:/Users/Mbaka/go/pkg/mod/github.com/moh/case/cmd/web/main.go:62 main.main Exit main()"
time=2025-02-17T02:52:26.219+03:00 level=INFO msg="c:/Users/Mbaka/go/pkg/mod/github.com/moh/case/cmd/web/main.go:62 main.main Exit main()"
time=2025-02-17T02:59:12.092+03:00 level=INFO msg="c:/Users/Mbaka/go/pkg/mod/github.com/moh/case/cmd/web/main.go:62 main.main Exit main()"
time=2025-02-17T03:12:30.974+03:00 level=INFO msg="c:/Users/Mbaka/go/pkg/mod/github.com/moh/case/cmd/web/main.go:62 main.main Exit main()"
time=2025-02-17T03:15:47.792+03:00 level=INFO msg="c:/Users/Mbaka/go/pkg/mod/github.com/moh/case/cmd/web/main.go:62 main.main Exit main()"
time=2025-02-17T10:21:06.046+03:00 level=INFO msg="c:/Users/Mbaka/go/pkg/mod/github.com/moh/case/cmd/web/main.go:62 main.main Exit main()"
time=2025-02-17T14:41:27.879+03:00 level=INFO msg="c:/Users/Mbaka/go/pkg/mod/github.com/moh/case/cmd/web/main.go:62 main.main Exit main()"
time=2025-02-17T14:44:06.397+03:00 level=INFO msg="c:/Users/Mbaka/go/pkg/mod/github.com/moh/case/cmd/web/main.go:62 main.main Exit main()"
time=2025-02-17T14:48:19.020+03:00 level=INFO msg="c:/Users/Mbaka/go/pkg/mod/github.com/moh/case/cmd/web/main.go:62 main.main Exit main()"
time=2025-02-17T14:51:02.800+03:00 level=INFO msg="c:/Users/Mbaka/go/pkg/mod/github.com/moh/case/cmd/web/main.go:62 main.main Exit main()"
time=2025-02-17T14:52:33.570+03:00 level=INFO msg="c:/Users/Mbaka/go/pkg/mod/github.com/moh/case/cmd/web/main.go:62 main.main Exit main()"
time=2025-02-17T14:54:25.026+03:00 level=INFO msg="c:/Users/Mbaka/go/pkg/mod/github.com/moh/case/cmd/web/main.go:62 main.main Exit main()"
time=2025-02-18T13:02:47.544+03:00 level=INFO msg="c:/Users/Mbaka/go/pkg/mod/github.com/moh/case/cmd/web/main.go:62 main.main Exit main()"
time=2025-02-19T07:58:21.458+03:00 level=INFO msg="starting server..."
time=2025-02-19T07:58:54.996+03:00 level=INFO msg="INFO: Starting Client form"
time=2025-02-19T07:58:55.004+03:00 level=INFO msg="INFO: Load Client form"
time=2025-02-19T12:38:35.636+03:00 level=INFO msg="starting server..."
time=2025-02-19T12:38:59.445+03:00 level=INFO msg="INFO: Starting Client form"
time=2025-02-19T12:38:59.455+03:00 level=INFO msg="INFO: Load Client form"
time=2025-02-19T12:41:44.713+03:00 level=INFO msg="INFO: Starting Client form"
time=2025-02-19T12:41:44.729+03:00 level=INFO msg="INFO: Load Client form"
time=2025-02-19T12:43:46.209+03:00 level=INFO msg="INFO: Starting Client form"
time=2025-02-19T12:43:46.210+03:00 level=INFO msg="INFO: Load Client form"
time=2025-02-19T12:44:33.472+03:00 level=INFO msg="INFO: Starting Client form"
time=2025-02-19T12:44:33.475+03:00 level=INFO msg="INFO: Load Client form"
time=2025-02-19T16:10:16.571+03:00 level=INFO msg="starting server..."
time=2025-02-19T16:11:00.703+03:00 level=INFO msg="INFO: Starting Client form"
time=2025-02-19T16:11:00.717+03:00 level=INFO msg="INFO: Load Client form"
time=2025-03-03T10:29:29.635+03:00 level=INFO msg="starting server..."
time=2025-03-03T10:31:30.230+03:00 level=INFO msg="INFO: Starting Client form"
time=2025-03-03T10:31:30.242+03:00 level=INFO msg="INFO: Load Client form"
time=2025-03-03T10:32:16.662+03:00 level=INFO msg="INFO: Starting Client form"
time=2025-03-03T10:32:16.668+03:00 level=INFO msg="INFO: Load Client form"
time=2025-03-03T10:33:59.565+03:00 level=INFO msg="INFO: Starting Client form"
time=2025-03-03T10:33:59.570+03:00 level=INFO msg="INFO: Load Client form"
time=2025-03-03T18:39:53.643+03:00 level=INFO msg="starting server..."
time=2025-03-03T18:40:41.082+03:00 level=INFO msg="INFO: Starting Client form"
time=2025-03-03T18:40:41.094+03:00 level=INFO msg="INFO: Load Client form"
time=2025-03-04T09:42:31.956+03:00 level=INFO msg="starting server..."
time=2025-03-04T09:42:55.518+03:00 level=INFO msg="starting user list"
time=2025-03-04T09:43:00.669+03:00 level=INFO msg="INFO: Starting Client form"
time=2025-03-04T09:43:00.675+03:00 level=INFO msg="INFO: Load Client form"
time=2025-03-04T11:04:50.285+03:00 level=INFO msg="starting server..."
time=2025-03-04T11:10:00.963+03:00 level=INFO msg="INFO: Starting Client form"
time=2025-03-04T11:10:00.968+03:00 level=INFO msg="INFO: Load Client form"
time=2025-03-04T11:14:18.948+03:00 level=INFO msg="starting server..."
time=2025-03-04T11:39:54.188+03:00 level=INFO msg="INFO: Starting Client form"
time=2025-03-04T11:39:54.195+03:00 level=INFO msg="INFO: Load Client form"
time=2025-03-04T12:11:41.070+03:00 level=INFO msg="INFO: Starting Client form"
time=2025-03-04T12:11:41.076+03:00 level=INFO msg="INFO: Load Client form"
time=2025-03-04T12:12:48.752+03:00 level=INFO msg="INFO: Starting Client form"
time=2025-03-04T12:12:48.753+03:00 level=INFO msg="INFO: Load Client form"
time=2025-03-04T13:09:21.028+03:00 level=INFO msg="starting server..."
time=2025-03-04T13:09:49.251+03:00 level=INFO msg="INFO: Starting Client form"
time=2025-03-04T13:09:49.258+03:00 level=INFO msg="INFO: Load Client form"
time=2025-03-04T13:33:58.687+03:00 level=INFO msg="starting server..."
time=2025-03-04T13:34:20.500+03:00 level=INFO msg="INFO: Starting Client form"
time=2025-03-04T13:34:20.508+03:00 level=INFO msg="INFO: Load Client form"
time=2025-03-05T09:34:12.445+03:00 level=INFO msg="starting server..."
time=2025-03-05T09:34:44.742+03:00 level=INFO msg="INFO: Starting Client form"
time=2025-03-05T09:34:44.755+03:00 level=INFO msg="INFO: Load Client form"
time=2025-03-05T09:39:49.241+03:00 level=INFO msg="starting server..."
time=2025-03-05T09:40:11.972+03:00 level=INFO msg="INFO: Starting Client form"
time=2025-03-05T09:40:11.978+03:00 level=INFO msg="INFO: Load Client form"
time=2025-03-05T10:09:27.395+03:00 level=INFO msg="INFO: Starting Client form"
time=2025-03-05T10:09:27.397+03:00 level=INFO msg="INFO: Load Client form"
time=2025-03-05T10:23:58.803+03:00 level=INFO msg="starting user list"
time=2025-03-05T10:24:02.953+03:00 level=INFO msg="INFO: Starting Client form"
time=2025-03-05T10:24:02.961+03:00 level=INFO msg="INFO: Load Client form"
time=2025-03-05T10:24:10.035+03:00 level=INFO msg="INFO: Starting Client form"
time=2025-03-05T10:24:10.040+03:00 level=INFO msg="INFO: Load Client form"
time=2025-03-05T10:24:23.988+03:00 level=INFO msg="INFO: Starting Client form"
time=2025-03-05T10:24:23.989+03:00 level=INFO msg="INFO: Load Client form"
time=2025-03-05T12:19:46.607+03:00 level=INFO msg="INFO: Starting Client form"
time=2025-03-05T12:19:46.609+03:00 level=INFO msg="INFO: Load Client form"
time=2025-03-05T12:53:13.126+03:00 level=INFO msg="starting server..."
time=2025-03-05T12:53:37.957+03:00 level=INFO msg="INFO: Starting Client form"
time=2025-03-05T12:53:37.964+03:00 level=INFO msg="INFO: Load Client form"
time=2025-03-05T18:01:52.131+03:00 level=INFO msg="starting server..."
time=2025-03-05T18:02:12.886+03:00 level=INFO msg="INFO: Starting Client form"
time=2025-03-05T18:02:12.892+03:00 level=INFO msg="INFO: Load Client form"
time=2025-03-05T19:37:37.225+03:00 level=INFO msg="starting server..."
time=2025-03-05T19:54:55.055+03:00 level=INFO msg="starting server..."
time=2025-03-06T06:45:09.545+03:00 level=INFO msg="INFO: Starting Client form"
time=2025-03-06T06:45:09.553+03:00 level=INFO msg="INFO: Load Client form"
time=2025-03-06T06:51:50.659+03:00 level=INFO msg="starting server..."
time=2025-03-06T06:53:28.594+03:00 level=INFO msg="INFO: Starting Client form"
time=2025-03-06T06:53:28.599+03:00 level=INFO msg="INFO: Load Client form"
time=2025-03-06T06:57:58.036+03:00 level=INFO msg="starting server..."
time=2025-03-06T06:58:24.791+03:00 level=INFO msg="INFO: Starting Client form"
time=2025-03-06T06:58:24.798+03:00 level=INFO msg="INFO: Load Client form"
time=2025-03-06T07:01:54.978+03:00 level=INFO msg="starting server..."
time=2025-03-06T07:02:27.886+03:00 level=INFO msg="INFO: Starting Client form"
time=2025-03-06T07:02:27.897+03:00 level=INFO msg="INFO: Load Client form"
time=2025-03-06T07:06:31.725+03:00 level=INFO msg="starting server..."
time=2025-03-06T07:06:57.099+03:00 level=INFO msg="INFO: Starting Client form"
time=2025-03-06T07:06:57.104+03:00 level=INFO msg="INFO: Load Client form"
time=2025-03-06T07:11:56.372+03:00 level=INFO msg="starting server..."
time=2025-03-06T07:12:17.669+03:00 level=INFO msg="INFO: Starting Client form"
time=2025-03-06T07:12:17.681+03:00 level=INFO msg="INFO: Load Client form"
time=2025-03-06T07:16:53.474+03:00 level=INFO msg="starting server..."
time=2025-03-06T07:17:17.930+03:00 level=INFO msg="INFO: Starting Client form"
time=2025-03-06T07:17:17.938+03:00 level=INFO msg="INFO: Load Client form"
time=2025-03-06T07:18:07.247+03:00 level=INFO msg="INFO: Starting Client form"
time=2025-03-06T07:18:07.250+03:00 level=INFO msg="INFO: Load Client form"
time=2025-03-06T07:25:23.463+03:00 level=INFO msg="starting server..."
time=2025-03-06T07:27:16.385+03:00 level=INFO msg="starting server..."
time=2025-03-06T07:27:40.980+03:00 level=INFO msg="INFO: Starting Client form"
time=2025-03-06T07:27:40.986+03:00 level=INFO msg="ERROR: Failed to get encounters - sql: expected 4 destination arguments in Scan, not 6"
time=2025-03-06T07:27:40.993+03:00 level=INFO msg="INFO: Load Client form"
time=2025-03-06T07:27:56.507+03:00 level=INFO msg="INFO: Starting Client form"
time=2025-03-06T07:27:56.509+03:00 level=INFO msg="ERROR: Failed to get encounters - sql: expected 4 destination arguments in Scan, not 6"
time=2025-03-06T07:27:56.513+03:00 level=INFO msg="INFO: Load Client form"
time=2025-03-06T07:29:55.463+03:00 level=INFO msg="starting server..."
time=2025-03-06T07:30:16.801+03:00 level=INFO msg="INFO: Starting Client form"
time=2025-03-06T07:30:16.808+03:00 level=INFO msg="INFO: Load Client form"
time=2025-03-06T08:28:48.000+03:00 level=INFO msg="starting server..."
time=2025-03-06T08:56:18.175+03:00 level=INFO msg="starting server..."
time=2025-03-06T08:57:16.636+03:00 level=INFO msg="Session error, No ID set"
time=2025-03-06T08:57:21.146+03:00 level=INFO msg="Session error, No ID set"
time=2025-03-06T09:04:10.793+03:00 level=INFO msg="starting server..."
time=2025-03-06T09:04:58.549+03:00 level=INFO msg="Session error, No ID set"
time=2025-03-06T09:05:03.515+03:00 level=INFO msg="Session error, No ID set"
time=2025-03-06T09:06:08.783+03:00 level=INFO msg="starting server..."
time=2025-03-06T09:18:22.028+03:00 level=INFO msg="Session error, No ID set"
time=2025-03-06T09:27:37.960+03:00 level=INFO msg="starting server..."
time=2025-03-06T09:28:55.003+03:00 level=INFO msg="starting server..."
time=2025-03-06T10:06:09.672+03:00 level=INFO msg="starting server..."
time=2025-03-06T10:14:27.432+03:00 level=INFO msg="starting server..."
time=2025-03-06T10:25:50.931+03:00 level=INFO msg="starting server..."
time=2025-03-06T10:30:11.450+03:00 level=INFO msg="INFO: Starting Client form"
time=2025-03-06T10:30:11.457+03:00 level=INFO msg="INFO: Load Client form"
time=2025-03-06T10:30:49.637+03:00 level=INFO msg="starting server..."
time=2025-03-06T10:32:24.779+03:00 level=INFO msg="INFO: Starting Client form"
time=2025-03-06T10:32:24.786+03:00 level=INFO msg="INFO: Load Client form"
time=2025-03-06T10:33:34.834+03:00 level=INFO msg="starting server..."
time=2025-03-06T10:45:19.777+03:00 level=INFO msg="starting server..."
time=2025-03-06T10:48:23.446+03:00 level=INFO msg="starting server..."
time=2025-03-06T11:53:49.703+03:00 level=INFO msg="starting server..."
time=2025-03-06T12:16:01.475+03:00 level=INFO msg="starting server..."
time=2025-03-06T12:18:09.445+03:00 level=INFO msg="starting server..."
time=2025-03-06T12:19:43.847+03:00 level=INFO msg="starting server..."
time=2025-03-06T12:22:38.339+03:00 level=INFO msg="starting server..."
time=2025-03-06T12:53:02.841+03:00 level=INFO msg="INFO: Starting Client form"
time=2025-03-06T12:53:02.852+03:00 level=INFO msg="INFO: Load Client form"
time=2025-03-06T12:54:18.744+03:00 level=INFO msg="INFO: Starting Client form"
time=2025-03-06T12:54:18.746+03:00 level=INFO msg="INFO: Load Client form"
time=2025-03-06T12:54:42.658+03:00 level=INFO msg="starting server..."
time=2025-03-06T13:04:49.442+03:00 level=INFO msg="starting server..."
time=2025-03-06T13:15:44.620+03:00 level=INFO msg="starting server..."
time=2025-03-06T13:16:16.215+03:00 level=INFO msg="INFO: Starting Client form"
time=2025-03-06T13:16:16.221+03:00 level=INFO msg="INFO: Load Client form"
time=2025-03-06T13:16:27.437+03:00 level=INFO msg="INFO: Starting Client form"
time=2025-03-06T13:16:27.440+03:00 level=INFO msg="INFO: Load Client form"
time=2025-03-06T13:16:35.799+03:00 level=INFO msg="INFO: Starting Client form"
time=2025-03-06T13:16:35.801+03:00 level=INFO msg="INFO: Load Client form"
time=2025-03-06T13:54:30.301+03:00 level=INFO msg="starting server..."
time=2025-03-06T13:55:08.906+03:00 level=INFO msg="No rows found for ID: 0"
time=2025-03-06T13:55:13.002+03:00 level=INFO msg="INFO: Starting Client form"
time=2025-03-06T13:55:13.008+03:00 level=INFO msg="INFO: Load Client form"
time=2025-03-06T14:10:28.947+03:00 level=INFO msg="starting server..."
time=2025-03-06T14:26:51.016+03:00 level=INFO msg="No rows found for ID: 0"
time=2025-03-06T14:26:53.531+03:00 level=INFO msg="INFO: Starting Client form"
time=2025-03-06T14:26:53.536+03:00 level=INFO msg="INFO: Load Client form"
time=2025-03-09T14:48:35.151+03:00 level=INFO msg="starting server..."
time=2025-03-09T14:50:12.978+03:00 level=INFO msg="No rows found for ID: 0"
time=2025-03-09T14:50:44.800+03:00 level=INFO msg="INFO: Starting Client form"
time=2025-03-09T14:50:44.807+03:00 level=INFO msg="INFO: Load Client form"
time=2025-03-09T14:51:07.563+03:00 level=INFO msg="INFO: Starting Client form"
time=2025-03-09T14:51:07.567+03:00 level=INFO msg="INFO: Load Client form"
time=2025-03-09T15:03:33.159+03:00 level=INFO msg="starting server..."
time=2025-03-09T15:04:03.586+03:00 level=INFO msg="No rows found for ID: 0"
time=2025-03-09T15:04:07.228+03:00 level=INFO msg="INFO: Starting Client form"
time=2025-03-09T15:04:07.234+03:00 level=INFO msg="INFO: Load Client form"
time=2025-03-09T15:04:15.699+03:00 level=INFO msg="INFO: Starting Client form"
time=2025-03-09T15:04:15.703+03:00 level=INFO msg="INFO: Load Client form"
time=2025-03-10T19:10:39.119+03:00 level=INFO msg="starting server..."
time=2025-03-10T19:11:17.044+03:00 level=INFO msg="No rows found for ID: 0"
time=2025-03-10T19:11:19.834+03:00 level=INFO msg="INFO: Starting Client form"
time=2025-03-10T19:11:19.841+03:00 level=INFO msg="INFO: Load Client form"
time=2025-03-10T19:16:17.294+03:00 level=INFO msg="INFO: Starting Client form"
time=2025-03-10T19:16:17.297+03:00 level=INFO msg="INFO: Load Client form"
time=2025-03-10T19:16:41.074+03:00 level=INFO msg="INFO: Starting Client form"
time=2025-03-10T19:16:41.077+03:00 level=INFO msg="INFO: Load Client form"
time=2025-03-11T00:00:36.093+03:00 level=INFO msg="starting server..."
time=2025-03-11T00:01:07.872+03:00 level=INFO msg="No rows found for ID: 0"
time=2025-03-11T00:01:11.322+03:00 level=INFO msg="INFO: Starting Client form"
time=2025-03-11T00:01:11.334+03:00 level=INFO msg="INFO: Load Client form"
time=2025-03-11T00:03:16.851+03:00 level=INFO msg="INFO: Starting Client form"
time=2025-03-11T00:03:16.855+03:00 level=INFO msg="INFO: Load Client form"
time=2025-03-11T00:10:32.847+03:00 level=INFO msg="INFO: Starting Client form"
time=2025-03-11T00:10:32.854+03:00 level=INFO msg="INFO: Load Client form"
time=2025-03-11T00:10:35.054+03:00 level=INFO msg="No rows found for ID: 0"
time=2025-03-11T00:10:37.402+03:00 level=INFO msg="INFO: Starting Client form"
time=2025-03-11T00:10:37.414+03:00 level=INFO msg="INFO: Load Client form"
time=2025-03-11T00:14:25.831+03:00 level=INFO msg="INFO: Starting Client form"
time=2025-03-11T00:14:25.837+03:00 level=INFO msg="INFO: Load Client form"
time=2025-03-11T00:14:34.990+03:00 level=INFO msg="INFO: Starting Client form"
time=2025-03-11T00:14:34.996+03:00 level=INFO msg="INFO: Load Client form"
time=2025-03-11T00:14:36.434+03:00 level=INFO msg="No rows found for ID: 0"
time=2025-03-11T00:14:40.538+03:00 level=INFO msg="INFO: Starting Client form"
time=2025-03-11T00:14:40.541+03:00 level=INFO msg="INFO: Load Client form"
time=2025-03-11T00:14:56.731+03:00 level=INFO msg="INFO: Starting Client form"
time=2025-03-11T00:14:56.740+03:00 level=INFO msg="INFO: Load Client form"
time=2025-03-11T00:46:48.044+03:00 level=INFO msg="starting server..."
time=2025-03-11T00:47:26.694+03:00 level=INFO msg="No rows found for ID: 0"
time=2025-03-11T00:47:28.914+03:00 level=INFO msg="INFO: Starting Client form"
time=2025-03-11T00:47:28.919+03:00 level=INFO msg="INFO: Load Client form"
time=2025-03-11T01:24:42.986+03:00 level=INFO msg="starting server..."
time=2025-03-11T01:25:15.050+03:00 level=INFO msg="No rows found for ID: 0"
time=2025-03-11T01:25:19.089+03:00 level=INFO msg="INFO: Starting Client form"
time=2025-03-11T01:25:19.094+03:00 level=INFO msg="INFO: Load Client form"
time=2025-03-11T02:01:00.558+03:00 level=INFO msg="starting server..."
time=2025-03-11T02:01:51.127+03:00 level=INFO msg="No rows found for ID: 0"
time=2025-03-11T02:01:53.146+03:00 level=INFO msg="INFO: Starting Client form"
time=2025-03-11T02:01:53.151+03:00 level=INFO msg="INFO: Load Client form"
time=2025-03-11T02:08:28.235+03:00 level=INFO msg="starting server..."
time=2025-03-11T02:09:05.279+03:00 level=INFO msg="No rows found for ID: 0"
time=2025-03-11T02:09:07.010+03:00 level=INFO msg="INFO: Starting Client form"
time=2025-03-11T02:09:07.017+03:00 level=INFO msg="INFO: Load Client form"
